2024-08-19 02:28:27-0600: Running with following config:
analysisPVLen = 15
logDir = analysis_logs
maxVisits = 500
nnCacheSizePowerOfTwo = 23
nnMaxBatchSize = 64
nnMutexPoolSizePowerOfTwo = 17
nnRandomize = true
numAnalysisThreads = 2
numSearchThreads = 16
reportAnalysisWinratesAs = BLACK

2024-08-19 02:28:27-0600: Analysis Engine starting...
2024-08-19 02:28:27-0600: KataGo v1.15.3
2024-08-19 02:28:27-0600: nnRandSeed0 = 3626482111854915203
2024-08-19 02:28:27-0600: After dedups: nnModelFile0 = default_model.bin.gz useFP16 auto useNHWC auto
2024-08-19 02:28:27-0600: Initializing neural net buffer to be size 19 * 19 allowing smaller boards
2024-08-19 02:28:31-0600: Cuda backend thread 0: Found GPU NVIDIA GeForce RTX 3060 Ti memory 8229224448 compute capability major 8 minor 6
2024-08-19 02:28:31-0600: Cuda backend thread 0: Model version 15 useFP16 = true useNHWC = true
2024-08-19 02:28:31-0600: Cuda backend thread 0: Model name: kata1-b28c512nbt-s7503868160-d4406856118
2024-08-19 02:28:34-0600: nnRandSeed0 = 8779326628115881012
2024-08-19 02:28:34-0600: After dedups: nnModelFile0 = b18c384nbt-humanv0.bin.gz useFP16 auto useNHWC auto
2024-08-19 02:28:34-0600: Initializing neural net buffer to be size 19 * 19 allowing smaller boards
2024-08-19 02:28:35-0600: Cuda backend thread 0: Found GPU NVIDIA GeForce RTX 3060 Ti memory 8229224448 compute capability major 8 minor 6
2024-08-19 02:28:35-0600: Cuda backend thread 0: Model version 15 useFP16 = true useNHWC = true
2024-08-19 02:28:35-0600: Cuda backend thread 0: Model name: b18c384nbt-humanv0
